2024-07-12 20:43:50 siril/siril.py#52 Starting Siril
2024-07-12 20:43:53 siril/siril.py#57 Siril Started
2024-07-12 20:43:53 siril/preprocess.py#30 No frames found in /home/stephen/Pictures/NGC_7380_wizard_nebula/darks/night_1
2024-07-12 20:43:53 siril/preprocess.py#30 No frames found in /home/stephen/Pictures/NGC_7380_wizard_nebula/darks/night_2
2024-07-12 20:43:53 siril/preprocess.py#30 No frames found in /home/stephen/Pictures/NGC_7380_wizard_nebula/flats/night_1
2024-07-12 20:43:53 siril/preprocess.py#37 Converting flat frames from: 2
2024-07-12 20:43:54 siril/master_library.py#12 Getting camera ISO and Model
2024-07-12 20:43:54 siril/siril.py#60 Closing Siril
2024-07-12 20:43:56 siril/siril.py#62 Siril Closed
2024-07-23 18:36:52 convert.py#61 Converting Frames
2024-07-23 18:36:57 convert.py#69 lights Frames Converted
2024-07-23 18:36:59 convert.py#73 Siril Closed
2024-07-23 18:42:54 convert.py#72 Converting Frames
2024-07-23 18:43:00 convert.py#81 lights Frames Converted
2024-07-23 18:43:02 convert.py#85 Siril Closed
2024-07-23 18:43:14 convert.py#72 Converting Frames
2024-07-23 18:43:20 convert.py#81 lights Frames Converted
2024-07-23 18:43:22 convert.py#85 Siril Closed
2024-07-23 18:46:42 convert.py#67 Converting Frames
2024-07-23 18:46:47 convert.py#72 lights Frames Converted
2024-07-23 18:46:47 convert.py#87 Siril Closed
2024-07-23 18:55:41 convert.py#55 Converting Frames
2024-07-23 18:55:47 convert.py#61 lights Frames Converted
2024-07-23 18:55:47 convert.py#76 Siril Closed
2024-07-23 19:08:02 convert.py#68 Converting Frames
2024-07-23 19:08:09 convert.py#75 lights Frames Converted
2024-07-23 19:08:09 convert.py#90 Siril Closed
2024-07-23 19:10:33 convert.py#70 Converting Frames
2024-07-23 19:10:40 convert.py#77 lights Frames Converted
2024-07-23 19:10:40 convert.py#90 Converted 10 frames
2024-07-23 19:10:40 convert.py#95 Siril Closed
2024-07-23 19:21:09 calibrate.py#118 Siril Closed
2024-07-23 19:25:30 convert.py#65 Converting Frames
2024-07-23 19:25:36 convert.py#83 Converted 10 frames
2024-07-23 19:25:36 convert.py#88 Siril Closed
2024-07-23 19:25:53 calibrate.py#123 Siril Closed
2024-07-23 19:26:40 calibrate.py#123 Siril Closed
2024-07-23 19:27:24 calibrate.py#124 Siril Closed
2024-07-23 19:29:22 calibrate.py#125 Siril Closed
2024-07-23 19:30:18 calibrate.py#68 Converting Frames
2024-07-23 19:30:18 calibrate.py#107 Calibration Parameters: {'cfa': True, 'equalize_cfa': True, 'all': True, 'prefix': 'pp_', 'sighi': 3, 'siglo': 3}
2024-07-23 19:30:22 calibrate.py#126 Siril Closed
2024-07-23 19:31:11 calibrate.py#126 Siril Closed
2024-07-23 19:31:41 calibrate.py#68 Converting Frames
2024-07-23 19:31:41 calibrate.py#107 Calibration Parameters: {'cfa': True, 'equalize_cfa': True, 'all': True, 'prefix': 'pp_', 'sighi': 3, 'siglo': 3}
2024-07-23 19:31:44 calibrate.py#126 Siril Closed
2024-07-23 19:32:12 convert.py#65 Converting Frames
2024-07-23 19:32:18 convert.py#83 Converted 10 frames
2024-07-23 19:32:18 convert.py#88 Siril Closed
2024-07-23 19:35:24 calibrate.py#69 Converting Frames
2024-07-23 19:35:24 calibrate.py#108 Calibration Parameters: {'cfa': True, 'equalize_cfa': True, 'all': True, 'prefix': 'pp_', 'sighi': 3, 'siglo': 3}
2024-07-23 19:35:27 calibrate.py#127 Siril Closed
2024-07-23 19:40:19 convert.py#66 Converting Frames
2024-07-23 19:40:25 convert.py#84 Converted 10 frames
2024-07-23 19:40:25 convert.py#89 Siril Closed
2024-07-23 19:42:03 calibrate.py#78 Converting Frames
2024-07-23 19:42:03 calibrate.py#113 Calibration Parameters: {'cfa': True, 'equalize_cfa': True, 'all': True, 'prefix': 'pp_', 'sighi': 3, 'siglo': 3, 'bias': '/home/stephen/Documents/siril-auto-stack/master-library/Canon_EOS_Rebel_T2i/biases/Canon_EOS_REBEL_T2i_1600_bias_stacked.fit'}
2024-07-23 19:42:06 calibrate.py#132 Siril Closed
2024-07-23 19:42:49 calibrate.py#78 Converting Frames
2024-07-23 19:42:49 calibrate.py#113 Calibration Parameters: {'cfa': True, 'equalize_cfa': True, 'all': True, 'prefix': 'pp_', 'sighi': 3, 'siglo': 3}
2024-07-23 19:42:53 calibrate.py#132 Siril Closed
2024-07-23 19:44:32 convert.py#66 Converting Frames
2024-07-23 19:44:38 convert.py#84 Converted 10 frames
2024-07-23 19:44:38 convert.py#89 Siril Closed
2024-07-23 19:46:17 calibrate.py#146 Siril Closed
2024-07-23 19:53:19 calibrate.py#88 Converting Frames
2024-07-23 19:53:19 calibrate.py#114 Calibration Parameters: {'cfa': True, 'equalize_cfa': True, 'all': True, 'prefix': 'pp_', 'sighi': 3, 'siglo': 3, 'fitseq': True, 'bias': '/home/stephen/Documents/siril-auto-stack/master-library/Canon_EOS_Rebel_T2i/biases/Canon_EOS_REBEL_T2i_1600_bias_stacked.fit'}
2024-07-23 19:53:22 calibrate.py#131 Calibrated 4 frames
2024-07-23 19:53:22 calibrate.py#136 Siril Closed
2024-07-23 19:57:22 calibrate.py#89 Converting Frames
2024-07-23 19:57:22 calibrate.py#115 Calibration Parameters: {'cfa': True, 'equalize_cfa': True, 'all': True, 'prefix': 'pp_', 'sighi': 3, 'siglo': 3, 'fitseq': True, 'bias': '/home/stephen/Documents/siril-auto-stack/master-library/Canon_EOS_Rebel_T2i/biases/Canon_EOS_REBEL_T2i_1600_bias_stacked.fit'}
2024-07-23 19:57:25 calibrate.py#132 Calibrated 4 frames
2024-07-23 19:57:25 calibrate.py#137 Siril Closed
2024-07-23 19:57:41 calibrate.py#89 Converting Frames
2024-07-23 19:57:41 calibrate.py#115 Calibration Parameters: {'cfa': True, 'equalize_cfa': True, 'all': True, 'prefix': 'pp_', 'sighi': 3, 'siglo': 3, 'fitseq': True, 'bias': '/home/stephen/Documents/siril-auto-stack/master-library/Canon_EOS_Rebel_T2i/biases/Canon_EOS_REBEL_T2i_1600_bias_stacked.fit'}
2024-07-23 19:57:44 calibrate.py#132 Calibrated 4 frames
2024-07-23 19:57:44 calibrate.py#137 Siril Closed
2024-07-23 19:58:11 calibrate.py#89 Converting Frames
2024-07-23 19:58:11 calibrate.py#115 Calibration Parameters: {'cfa': True, 'equalize_cfa': True, 'all': True, 'prefix': 'pp_', 'sighi': 3, 'siglo': 3, 'fitseq': True, 'bias': '/home/stephen/Documents/siril-auto-stack/master-library/Canon_EOS_Rebel_T2i/biases/Canon_EOS_REBEL_T2i_1600_bias_stacked.fit'}
2024-07-23 19:58:14 calibrate.py#132 Calibrated 4 frames
2024-07-23 19:58:14 calibrate.py#137 Siril Closed
2024-07-23 20:02:21 convert.py#70 Converting Frames
2024-07-23 20:02:27 convert.py#88 Converted 10 frames
2024-07-23 20:02:27 convert.py#93 Siril Closed
2024-07-23 20:02:34 convert.py#70 Converting Frames
2024-07-23 20:02:39 convert.py#88 Converted 10 frames
2024-07-23 20:02:39 convert.py#93 Siril Closed
2024-07-23 20:02:46 convert.py#70 Converting Frames
2024-07-23 20:02:52 convert.py#88 Converted 10 frames
2024-07-23 20:02:52 convert.py#93 Siril Closed
2024-07-23 20:05:19 calibrate.py#90 Converting Frames
2024-07-23 20:05:19 calibrate.py#116 Calibration Parameters: {'cfa': True, 'equalize_cfa': True, 'all': True, 'prefix': 'pp_', 'sighi': 3, 'siglo': 3, 'fitseq': True, 'bias': '/home/stephen/Documents/siril-auto-stack/master-library/Canon_EOS_Rebel_T2i/biases/Canon_EOS_REBEL_T2i_1600_bias_stacked.fit'}
2024-07-23 20:05:23 calibrate.py#133 Calibrated 4 frames
2024-07-23 20:05:23 calibrate.py#138 Siril Closed
2024-07-23 20:14:33 stack.py#51 Stacking Frames
2024-07-23 20:14:33 stack.py#79 Stack Parameters: /home/stephen/Documents/siril-auto-stack/sample/pleiades-sm/darks/process/darks.fit, {'out': 'stacked_darks', 'type': 'rej', 'sigma_low': '3', 'sigma_high': '3', 'norm': 'no', 'rejection_type': 'w'}
2024-07-23 20:14:34 stack.py#100 Siril Closed
2024-07-23 20:15:03 stack.py#51 Stacking Frames
2024-07-23 20:15:03 stack.py#79 Stack Parameters: /home/stephen/Documents/siril-auto-stack/sample/pleiades-sm/darks/process/darks.fit, {'out': 'stacked_darks', 'type': 'rej', 'sigma_low': '3', 'sigma_high': '3', 'norm': 'no', 'rejection_type': 'w'}
2024-07-23 20:15:04 stack.py#100 Siril Closed
2024-07-23 20:15:38 stack.py#51 Stacking Frames
2024-07-23 20:15:38 stack.py#79 Stack Parameters: /home/stephen/Documents/siril-auto-stack/sample/pleiades-sm/darks/process/darks.seq, {'out': 'stacked_darks', 'type': 'rej', 'sigma_low': '3', 'sigma_high': '3', 'norm': 'no', 'rejection_type': 'w'}
2024-07-23 20:16:03 stack.py#100 Siril Closed
2024-07-23 20:17:15 stack.py#51 Stacking Frames
2024-07-23 20:17:15 stack.py#79 Stack Parameters: /home/stephen/Documents/siril-auto-stack/sample/pleiades-sm/darks/process/darks.seq, {'out': 'stacked_darks', 'type': 'rej', 'sigma_low': '3', 'sigma_high': '3', 'norm': 'no', 'rejection_type': 'w'}
2024-07-23 20:17:39 stack.py#95 Stacked 4 frames
2024-07-23 20:17:39 stack.py#100 Siril Closed
2024-07-23 20:19:38 stack.py#51 Stacking Frames
2024-07-23 20:19:38 stack.py#79 Stack Parameters: /home/stephen/Documents/siril-auto-stack/sample/pleiades-sm/flats/process/pp_flats.seq, {'out': 'stacked_pp_flats', 'type': 'rej', 'sigma_low': '3', 'sigma_high': '3', 'norm': 'mul', 'rejection_type': 'w'}
2024-07-23 20:20:05 stack.py#97 Siril Closed
2024-07-23 20:20:52 stack.py#51 Stacking Frames
2024-07-23 20:21:02 stack.py#97 Siril Closed
2024-07-23 20:21:12 stack.py#51 Stacking Frames
2024-07-23 20:21:38 stack.py#97 Siril Closed
2024-07-23 20:22:05 stack.py#51 Stacking Frames
2024-07-23 20:22:31 stack.py#97 Siril Closed
2024-07-23 21:02:25 calibrate.py#90 Converting Frames
2024-07-23 21:02:25 calibrate.py#116 Calibration Parameters: {'cfa': True, 'equalize_cfa': True, 'all': True, 'prefix': 'pp_', 'sighi': 3, 'siglo': 3, 'fitseq': True, 'debayer': True, 'dark': '/home/stephen/Documents/siril-auto-stack/sample/pleiades-sm/flats/process/stacked_darks.fit', 'cc': 'dark', 'flat': '/home/stephen/Documents/siril-auto-stack/sample/pleiades-sm/flats/process/stacked_pp_flats.fit'}
2024-07-23 21:02:25 calibrate.py#135 Siril Closed
2024-07-23 21:02:47 convert.py#70 Converting Frames
2024-07-23 21:02:52 convert.py#90 Siril Closed
2024-07-23 21:02:58 calibrate.py#90 Converting Frames
2024-07-23 21:02:58 calibrate.py#116 Calibration Parameters: {'cfa': True, 'equalize_cfa': True, 'all': True, 'prefix': 'pp_', 'sighi': 3, 'siglo': 3, 'fitseq': True, 'debayer': True, 'dark': '/home/stephen/Documents/siril-auto-stack/sample/pleiades-sm/flats/process/stacked_darks.fit', 'cc': 'dark', 'flat': '/home/stephen/Documents/siril-auto-stack/sample/pleiades-sm/flats/process/stacked_pp_flats.fit'}
2024-07-23 21:02:59 calibrate.py#135 Siril Closed
2024-07-23 21:04:18 calibrate.py#90 Converting Frames
2024-07-23 21:04:18 calibrate.py#116 Calibration Parameters: {'cfa': True, 'equalize_cfa': True, 'all': True, 'prefix': 'pp_', 'sighi': 3, 'siglo': 3, 'fitseq': True, 'debayer': True, 'dark': '/home/stephen/Documents/siril-auto-stack/sample/pleiades-sm/darks/process/stacked_darks.fit', 'cc': 'dark', 'flat': '/home/stephen/Documents/siril-auto-stack/sample/pleiades-sm/flats/process/stacked_pp_flats.fit'}
2024-07-23 21:04:19 calibrate.py#135 Siril Closed
2024-07-23 21:04:41 convert.py#70 Converting Frames
2024-07-23 21:04:46 convert.py#90 Siril Closed
2024-07-23 21:05:24 convert.py#70 Converting Frames
2024-07-23 21:05:30 convert.py#90 Siril Closed
2024-07-23 21:05:36 calibrate.py#90 Converting Frames
2024-07-23 21:05:36 calibrate.py#116 Calibration Parameters: {'cfa': True, 'equalize_cfa': True, 'all': True, 'prefix': 'pp_', 'sighi': 3, 'siglo': 3, 'fitseq': True, 'bias': '/home/stephen/Documents/siril-auto-stack/master-library/Canon_EOS_Rebel_T2i/biases/Canon_EOS_REBEL_T2i_1600_bias_stacked.fit'}
2024-07-23 21:05:40 calibrate.py#135 Siril Closed
2024-07-23 21:12:03 calibrate.py#90 Converting Frames
2024-07-23 21:12:03 calibrate.py#116 Calibration Parameters: {'cfa': True, 'equalize_cfa': True, 'all': True, 'prefix': 'pp_', 'sighi': 3, 'siglo': 3, 'fitseq': True, 'debayer': True, 'dark': '/home/stephen/Documents/siril-auto-stack/sample/pleiades-sm/darks/process/stacked_darks.fit', 'cc': 'dark', 'flat': '/home/stephen/Documents/siril-auto-stack/sample/pleiades-sm/flats/process/stacked_pp_flats.fit'}
2024-07-23 21:12:04 calibrate.py#135 Siril Closed
2024-07-23 21:13:40 calibrate.py#90 Converting Frames
2024-07-23 21:13:40 calibrate.py#116 Calibration Parameters: {'cfa': True, 'equalize_cfa': True, 'all': True, 'prefix': 'pp_', 'sighi': 3, 'siglo': 3, 'fitseq': True, 'debayer': True, 'dark': '/home/stephen/Documents/siril-auto-stack/sample/pleiades-sm/darks/process/stacked_darks.fit', 'cc': 'dark', 'flat': '/home/stephen/Documents/siril-auto-stack/sample/pleiades-sm/flats/process/stacked_pp_flats.fit'}
2024-07-23 21:13:45 calibrate.py#135 Siril Closed
2024-07-23 21:14:05 register.py#101 Siril Closed
2024-07-23 21:14:25 register.py#66 Registering Frames
2024-07-23 21:14:25 register.py#101 Siril Closed
2024-07-23 21:15:00 register.py#66 Registering Frames
2024-07-23 21:15:33 register.py#101 Siril Closed
2024-07-23 21:21:02 stack.py#51 Stacking Frames
2024-07-23 21:23:21 stack.py#97 Siril Closed
2024-07-23 21:26:47 stack.py#51 Stacking Frames
2024-07-23 21:29:04 stack.py#101 Siril Closed
2024-07-23 21:36:51 postprocess.py#40 Starting Post-Processing
2024-07-23 21:36:52 postprocess.py#56 Siril Closed
2024-07-23 21:43:22 postprocess.py#72 Starting Post-Processing
2024-07-23 21:43:23 postprocess.py#47 Plate Solving
2024-07-23 21:43:24 postprocess.py#102 Siril Closed
2024-07-23 21:44:23 postprocess.py#70 Starting Post-Processing
2024-07-23 21:44:24 postprocess.py#47 Plate Solving
2024-07-23 21:47:24 postprocess.py#62 Plate Solving Completed
2024-07-23 21:47:24 postprocess.py#100 Siril Closed
2024-07-23 22:53:42 convert.py#70 Converting Frames
2024-07-23 22:54:12 convert.py#90 Siril Closed
2024-07-23 22:54:18 calibrate.py#90 Converting Frames
2024-07-23 22:54:18 calibrate.py#116 Calibration Parameters: {'cfa': True, 'equalize_cfa': True, 'all': True, 'prefix': 'pp_', 'sighi': 3, 'siglo': 3, 'fitseq': True, 'bias': '/home/stephen/Documents/siril-auto-stack/master-library/Canon_EOS_Rebel_T8i/biases/Canon_EOS_Rebel_T8i_800_stacked_bias.fit'}
2024-07-23 22:54:32 calibrate.py#135 Siril Closed
2024-07-23 22:54:39 stack.py#51 Stacking Frames
2024-07-23 22:55:15 stack.py#101 Siril Closed
2024-07-23 22:57:00 convert.py#70 Converting Frames
2024-07-23 22:57:16 convert.py#97 Siril Closed
2024-07-23 22:57:22 stack.py#51 Stacking Frames
2024-07-23 22:57:51 stack.py#99 Siril Closed
2024-07-23 22:59:01 convert.py#70 Converting Frames
2024-07-23 22:59:47 convert.py#97 Siril Closed
2024-07-23 22:59:53 calibrate.py#90 Converting Frames
2024-07-23 22:59:53 calibrate.py#116 Calibration Parameters: {'cfa': True, 'equalize_cfa': True, 'all': True, 'prefix': 'pp_', 'sighi': 3, 'siglo': 3, 'fitseq': True, 'debayer': True, 'dark': '/home/stephen/Documents/siril-auto-stack/sample/wizard_nebula/darks/process/stacked_darks.fit', 'cc': 'dark', 'flat': '/home/stephen/Documents/siril-auto-stack/sample/wizard_nebula/flats/process/stacked_pp_flats.fit'}
2024-07-23 23:00:31 calibrate.py#135 Siril Closed
2024-07-23 23:00:38 register.py#66 Registering Frames
2024-07-23 23:04:24 register.py#101 Siril Closed
2024-07-23 23:04:31 stack.py#51 Stacking Frames
2024-07-23 23:07:42 stack.py#99 Siril Closed
2024-07-23 23:10:06 postprocess.py#115 Starting Post-Processing
2024-07-23 23:10:07 postprocess.py#151 Siril Closed
2024-07-23 23:10:32 postprocess.py#115 Starting Post-Processing
2024-07-23 23:10:34 postprocess.py#70 Target: /home/stephen/Documents/siril-auto-stack/sample/wizard_nebula/lights/process/stacked_r_pp_lights.fit
2024-07-23 23:10:34 postprocess.py#71 Coords: None None
2024-07-23 23:10:34 postprocess.py#72 Coords: None None
2024-07-23 23:10:34 postprocess.py#73 Constellation: None
2024-07-23 23:10:34 postprocess.py#151 Siril Closed
2024-07-23 23:11:44 postprocess.py#115 Starting Post-Processing
2024-07-23 23:11:46 postprocess.py#70 Target: /home/stephen/Documents/siril-auto-stack/sample/wizard_nebula/lights/process/stacked_r_pp_lights.fit
2024-07-23 23:11:46 postprocess.py#71 Coords: None None
2024-07-23 23:11:46 postprocess.py#72 Coords: None None
2024-07-23 23:11:46 postprocess.py#73 Constellation: None
2024-07-23 23:11:46 postprocess.py#151 Siril Closed
2024-07-23 23:12:07 postprocess.py#115 Starting Post-Processing
2024-07-23 23:12:09 postprocess.py#70 Target: /home/stephen/Documents/siril-auto-stack/sample/wizard_nebula/lights/process/stacked_r_pp_lights.fit
2024-07-23 23:12:09 postprocess.py#71 Coords: None None
2024-07-23 23:12:09 postprocess.py#72 Coords: None None
2024-07-23 23:12:09 postprocess.py#73 Constellation: None
2024-07-23 23:12:09 postprocess.py#151 Siril Closed
2024-07-23 23:15:40 postprocess.py#114 Starting Post-Processing
2024-07-23 23:15:42 postprocess.py#151 Siril Closed
2024-07-23 23:15:55 postprocess.py#114 Starting Post-Processing
2024-07-23 23:15:58 postprocess.py#69 Target: wizard nebula
2024-07-23 23:15:58 postprocess.py#70 Coords: 22h47m31.992s 3h52m11.592s
2024-07-23 23:15:58 postprocess.py#71 Coords: 341.8833 58.0483
2024-07-23 23:15:58 postprocess.py#72 Constellation: Cepheus
2024-07-23 23:15:58 postprocess.py#151 Siril Closed
2024-07-23 23:16:35 postprocess.py#114 Starting Post-Processing
2024-07-23 23:16:36 postprocess.py#69 Target: wizard nebula
2024-07-23 23:16:36 postprocess.py#70 Coords: 22h47m31.992s 3h52m11.592s
2024-07-23 23:16:36 postprocess.py#71 Coords: 341.8833 58.0483
2024-07-23 23:16:36 postprocess.py#72 Constellation: Cepheus
2024-07-23 23:16:36 postprocess.py#87 Plate Solving
2024-07-23 23:21:37 postprocess.py#151 Siril Closed
2024-07-23 23:30:25 postprocess.py#121 Starting Post-Processing
2024-07-23 23:30:27 postprocess.py#76 Target: wizard nebula
2024-07-23 23:30:27 postprocess.py#77 Coords: 22h47m31.992s 3h52m11.592s
2024-07-23 23:30:27 postprocess.py#78 Coords: 341.8833 58.0483
2024-07-23 23:30:27 postprocess.py#79 Constellation: Cepheus
2024-07-23 23:30:27 postprocess.py#94 Plate Solving
2024-07-23 23:35:24 postprocess.py#162 Siril Closed
2024-07-23 23:37:36 postprocess.py#123 Starting Post-Processing
2024-07-23 23:37:38 postprocess.py#76 Target: wizard nebula
2024-07-23 23:37:38 postprocess.py#77 Coords: 22h47m31.992s 3h52m11.592s
2024-07-23 23:37:38 postprocess.py#78 Coords: 341.8833 58.0483
2024-07-23 23:37:38 postprocess.py#79 Constellation: Cepheus
2024-07-23 23:37:38 postprocess.py#94 Plate Solving
2024-07-23 23:37:39 postprocess.py#168 Siril Closed
2024-07-23 23:38:42 postprocess.py#125 Starting Post-Processing
2024-07-23 23:38:44 postprocess.py#78 Target: wizard nebula
2024-07-23 23:38:44 postprocess.py#79 Coords: 22h47m31.992s 3h52m11.592s
2024-07-23 23:38:44 postprocess.py#80 Coords: 341.8833 58.0483
2024-07-23 23:38:44 postprocess.py#81 Constellation: Cepheus
2024-07-23 23:38:44 postprocess.py#96 Plate Solving
2024-07-23 23:38:48 postprocess.py#170 Siril Closed
2024-07-23 23:39:48 postprocess.py#125 Starting Post-Processing
2024-07-23 23:39:50 postprocess.py#78 Target: wizard nebula
2024-07-23 23:39:50 postprocess.py#79 Coords: 22h47m31.992s 3h52m11.592s
2024-07-23 23:39:50 postprocess.py#80 Coords: 341.8833 58.0483
2024-07-23 23:39:50 postprocess.py#81 Constellation: Cepheus
2024-07-23 23:39:50 postprocess.py#96 Plate Solving
2024-07-23 23:40:01 postprocess.py#170 Siril Closed
2024-07-23 23:40:15 postprocess.py#125 Starting Post-Processing
2024-07-23 23:40:17 postprocess.py#78 Target: wizard nebula
2024-07-23 23:40:17 postprocess.py#79 Coords: 22h47m31.992s 3h52m11.592s
2024-07-23 23:40:17 postprocess.py#80 Coords: 341.8833 58.0483
2024-07-23 23:40:17 postprocess.py#81 Constellation: Cepheus
2024-07-23 23:40:17 postprocess.py#96 Plate Solving
2024-07-23 23:40:19 postprocess.py#117 Plate Solving Completed
2024-07-23 23:40:28 postprocess.py#170 Siril Closed
2024-07-23 23:43:01 postprocess.py#125 Starting Post-Processing
2024-07-23 23:43:03 postprocess.py#78 Target: wizard nebula
2024-07-23 23:43:03 postprocess.py#79 Coords: 22h47m31.992s 3h52m11.592s
2024-07-23 23:43:03 postprocess.py#80 Coords: 341.8833 58.0483
2024-07-23 23:43:03 postprocess.py#81 Constellation: Cepheus
2024-07-23 23:43:03 postprocess.py#96 Plate Solving
2024-07-23 23:43:04 postprocess.py#117 Plate Solving Completed
2024-07-23 23:43:14 postprocess.py#169 Siril Closed
2024-07-23 23:58:25 postprocess.py#125 Starting Post-Processing
2024-07-23 23:58:29 postprocess.py#78 Target: wizard nebula
2024-07-23 23:58:29 postprocess.py#79 Coords: 22h47m31.9999992s 3h52m11.5999992s
2024-07-23 23:58:29 postprocess.py#80 Coords: 341.88333333 58.04833333
2024-07-23 23:58:29 postprocess.py#81 Constellation: Cepheus
2024-07-23 23:58:29 postprocess.py#96 Plate Solving
2024-07-23 23:58:30 postprocess.py#117 Plate Solving Completed
2024-07-24 00:01:41 postprocess.py#170 Siril Closed
2024-07-24 00:10:12 postprocess.py#125 Starting Post-Processing
2024-07-24 00:10:15 postprocess.py#78 Target: wizard nebula
2024-07-24 00:10:15 postprocess.py#79 Coords: 22h47m31.992s 3h52m11.592s
2024-07-24 00:10:15 postprocess.py#80 Coords: 341.8833 58.0483
2024-07-24 00:10:15 postprocess.py#81 Constellation: Cepheus
2024-07-24 00:10:17 postprocess.py#169 ASINH Stretch: 0 // 0.2 on Stars
2024-07-24 00:10:17 postprocess.py#184 Siril Closed
2024-07-24 00:11:28 postprocess.py#125 Starting Post-Processing
2024-07-24 00:11:31 postprocess.py#78 Target: wizard nebula
2024-07-24 00:11:31 postprocess.py#79 Coords: 22h47m31.992s 3h52m11.592s
2024-07-24 00:11:31 postprocess.py#80 Coords: 341.8833 58.0483
2024-07-24 00:11:31 postprocess.py#81 Constellation: Cepheus
2024-07-24 00:11:32 postprocess.py#169 ASINH Stretch: 0 // 0.2 on Stars
2024-07-24 00:11:33 postprocess.py#186 Siril Closed
2024-07-24 00:14:49 postprocess.py#125 Starting Post-Processing
2024-07-24 00:14:52 postprocess.py#78 Target: wizard nebula
2024-07-24 00:14:52 postprocess.py#79 Coords: 22h47m31.992s 3h52m11.592s
2024-07-24 00:14:52 postprocess.py#80 Coords: 341.8833 58.0483
2024-07-24 00:14:52 postprocess.py#81 Constellation: Cepheus
2024-07-24 00:14:53 postprocess.py#170 ASINH Stretch: 0 // 0.2 on Stars
2024-07-24 00:14:54 postprocess.py#178 Denoising Stars
2024-07-24 00:15:34 postprocess.py#194 Siril Closed
2024-07-24 00:48:14 postprocess.py#180 Starting Post-Processing
2024-07-24 00:48:17 postprocess.py#79 Target: wizard nebula
2024-07-24 00:48:17 postprocess.py#80 Coords: 22h47m31.992s 3h52m11.592s
2024-07-24 00:48:17 postprocess.py#81 Coords: 341.8833 58.0483
2024-07-24 00:48:17 postprocess.py#82 Constellation: Cepheus
2024-07-24 00:48:17 postprocess.py#122 Running GraXpert Background Extraction
2024-07-24 00:48:23 postprocess.py#169 ASINH Stretch: 0 // 0.2 on Background
2024-07-24 00:48:24 postprocess.py#228 Siril Closed
2024-07-24 01:04:20 postprocess.py#179 Starting Post-Processing
2024-07-24 01:04:22 postprocess.py#79 Target: wizard nebula
2024-07-24 01:04:22 postprocess.py#80 Coords: 22h47m31.992s 3h52m11.592s
2024-07-24 01:04:22 postprocess.py#81 Coords: 341.8833 58.0483
2024-07-24 01:04:22 postprocess.py#82 Constellation: Cepheus
2024-07-24 01:04:22 postprocess.py#122 Running GraXpert Background Extraction
2024-07-24 01:04:37 postprocess.py#170 ASINH Stretch: 0 // 0.2 on Background
2024-07-24 01:04:37 postprocess.py#227 Siril Closed
2024-07-24 01:06:40 postprocess.py#180 Starting Post-Processing
2024-07-24 01:06:43 postprocess.py#79 Target: wizard nebula
2024-07-24 01:06:43 postprocess.py#80 Coords: 22h47m31.992s 3h52m11.592s
2024-07-24 01:06:43 postprocess.py#81 Coords: 341.8833 58.0483
2024-07-24 01:06:43 postprocess.py#82 Constellation: Cepheus
2024-07-24 01:06:43 postprocess.py#122 Running GraXpert Background Extraction
2024-07-24 01:06:57 postprocess.py#170 ASINH Stretch: 0 // 0.2 on Background
2024-07-24 01:06:58 postprocess.py#228 Siril Closed
2024-07-24 01:21:26 convert.py#70 Converting Frames
2024-07-24 01:22:46 convert.py#97 Siril Closed
2024-07-24 01:22:52 calibrate.py#90 Converting Frames
2024-07-24 01:23:58 calibrate.py#135 Siril Closed
2024-07-24 01:24:04 register.py#66 Registering Frames
2024-07-24 01:31:23 register.py#103 Siril Closed
2024-07-24 01:31:29 stack.py#51 Stacking Frames
2024-07-24 01:35:23 stack.py#99 Siril Closed
2024-07-24 01:35:30 postprocess.py#182 Starting Post-Processing
2024-07-24 01:35:34 postprocess.py#79 Target: wizard nebula
2024-07-24 01:35:34 postprocess.py#80 Coords: 22h47m31.992s 3h52m11.592s
2024-07-24 01:35:34 postprocess.py#81 Coords: 341.8833 58.0483
2024-07-24 01:35:34 postprocess.py#82 Constellation: Cepheus
2024-07-24 01:35:34 postprocess.py#97 Plate Solving
2024-07-24 01:35:35 postprocess.py#118 Plate Solving Completed
2024-07-24 01:39:06 postprocess.py#141 ASINH Stretch: 0 // 0.2 on Stars
2024-07-24 01:39:07 postprocess.py#149 Denoising Stars
2024-07-24 01:39:54 postprocess.py#122 Running GraXpert Background Extraction
2024-07-24 01:40:10 postprocess.py#172 ASINH Stretch: 0 // 0.2 on Background
2024-07-24 01:40:12 postprocess.py#230 Siril Closed
2024-07-24 01:51:00 convert.py#70 Converting Frames
2024-07-24 01:51:37 convert.py#97 Siril Closed
2024-07-24 01:51:43 calibrate.py#90 Converting Frames
2024-07-24 01:51:46 calibrate.py#135 Siril Closed
2024-07-24 01:51:52 stack.py#99 Siril Closed
2024-07-24 01:52:09 convert.py#70 Converting Frames
2024-07-24 01:52:46 convert.py#97 Siril Closed
2024-07-24 01:52:53 calibrate.py#90 Converting Frames
2024-07-24 01:52:53 calibrate.py#135 Siril Closed
2024-07-24 01:52:56 stack.py#99 Siril Closed
2024-07-24 01:53:37 convert.py#70 Converting Frames
2024-07-24 01:54:14 convert.py#97 Siril Closed
2024-07-24 01:54:20 calibrate.py#90 Converting Frames
2024-07-24 01:54:36 calibrate.py#135 Siril Closed
2024-07-24 01:54:42 stack.py#51 Stacking Frames
2024-07-24 01:55:16 stack.py#99 Siril Closed
2024-07-24 01:55:22 convert.py#70 Converting Frames
2024-07-24 01:55:53 convert.py#97 Siril Closed
2024-07-24 01:55:59 stack.py#51 Stacking Frames
2024-07-24 01:56:25 stack.py#99 Siril Closed
2024-07-24 01:56:31 convert.py#70 Converting Frames
2024-07-24 01:57:50 convert.py#97 Siril Closed
2024-07-24 01:57:56 calibrate.py#90 Converting Frames
2024-07-24 01:58:46 calibrate.py#135 Siril Closed
2024-07-24 01:58:51 register.py#66 Registering Frames
2024-07-24 02:07:04 register.py#103 Siril Closed
2024-07-24 02:07:11 stack.py#51 Stacking Frames
2024-07-24 02:14:29 stack.py#99 Siril Closed
2024-07-24 02:14:36 postprocess.py#177 Starting Post-Processing
2024-07-24 02:14:39 postprocess.py#79 Target: pleiades
2024-07-24 02:14:39 postprocess.py#80 Coords: 3h46m24.24s 1h36m27.36s
2024-07-24 02:14:39 postprocess.py#81 Coords: 56.601 24.114
2024-07-24 02:14:39 postprocess.py#82 Constellation: Taurus
2024-07-24 02:14:39 postprocess.py#97 Plate Solving
2024-07-24 02:14:40 postprocess.py#118 Plate Solving Completed
2024-07-24 02:17:01 postprocess.py#141 ASINH Stretch: 0 // 0.2 on Stars
2024-07-24 02:17:01 postprocess.py#149 Denoising Stars
2024-07-24 02:17:32 postprocess.py#122 Running GraXpert Background Extraction
2024-07-24 02:17:45 postprocess.py#225 Siril Closed
2024-07-24 09:13:59 convert.py#70 Converting Frames
2024-07-24 09:14:27 convert.py#97 Siril Closed
2024-07-24 09:14:32 calibrate.py#90 Converting Frames
2024-07-24 09:14:44 calibrate.py#135 Siril Closed
2024-07-24 09:14:50 stack.py#51 Stacking Frames
2024-07-24 09:15:21 stack.py#99 Siril Closed
2024-07-24 09:15:27 convert.py#70 Converting Frames
2024-07-24 09:15:34 convert.py#97 Siril Closed
2024-07-24 09:15:39 stack.py#51 Stacking Frames
2024-07-24 09:16:05 stack.py#99 Siril Closed
2024-07-24 09:16:11 convert.py#70 Converting Frames
2024-07-24 09:16:58 convert.py#97 Siril Closed
2024-07-24 09:17:04 calibrate.py#90 Converting Frames
2024-07-24 09:17:35 calibrate.py#135 Siril Closed
2024-07-24 09:17:43 register.py#66 Registering Frames
2024-07-24 09:22:35 register.py#103 Siril Closed
2024-07-24 09:22:41 stack.py#51 Stacking Frames
2024-07-24 09:27:05 stack.py#99 Siril Closed
2024-08-13 01:02:46 convert.py#97 Siril Closed
2024-08-13 01:03:33 convert.py#97 Siril Closed
2024-08-13 01:03:38 calibrate.py#135 Siril Closed
2024-08-13 01:03:44 register.py#103 Siril Closed
2024-08-13 01:03:49 stack.py#99 Siril Closed
2024-08-13 01:04:15 convert.py#70 Converting Frames
2024-08-13 01:04:17 convert.py#97 Siril Closed
2024-08-13 01:04:22 calibrate.py#90 Converting Frames
2024-08-13 01:04:25 calibrate.py#135 Siril Closed
2024-08-13 01:04:31 register.py#66 Registering Frames
2024-08-13 01:04:39 register.py#103 Siril Closed
2024-08-13 01:04:45 stack.py#51 Stacking Frames
2024-08-13 01:04:46 stack.py#99 Siril Closed
2024-08-13 01:08:35 convert.py#70 Converting Frames
2024-08-13 01:08:37 convert.py#97 Siril Closed
2024-08-13 01:08:43 calibrate.py#90 Converting Frames
2024-08-13 01:08:47 calibrate.py#135 Siril Closed
2024-08-13 01:08:53 register.py#66 Registering Frames
2024-08-13 01:09:07 register.py#103 Siril Closed
2024-08-13 01:09:14 stack.py#51 Stacking Frames
2024-08-13 01:11:49 stack.py#99 Siril Closed
2024-08-13 01:12:48 convert.py#70 Converting Frames
2024-08-13 01:12:51 convert.py#97 Siril Closed
2024-08-13 01:12:58 calibrate.py#90 Converting Frames
2024-08-13 01:13:02 calibrate.py#135 Siril Closed
2024-08-13 01:13:08 register.py#66 Registering Frames
2024-08-13 01:13:28 register.py#103 Siril Closed
2024-08-13 01:13:34 stack.py#51 Stacking Frames
2024-08-13 01:16:12 stack.py#99 Siril Closed
2024-08-13 01:16:37 convert.py#70 Converting Frames
2024-08-13 01:16:41 convert.py#97 Siril Closed
2024-08-13 01:16:47 calibrate.py#90 Converting Frames
2024-08-13 01:16:51 calibrate.py#135 Siril Closed
2024-08-13 01:16:58 register.py#66 Registering Frames
2024-08-13 01:17:22 register.py#103 Siril Closed
2024-08-13 01:17:28 stack.py#51 Stacking Frames
2024-08-13 01:20:06 stack.py#99 Siril Closed
2024-08-13 01:20:42 convert.py#70 Converting Frames
2024-08-13 01:20:48 convert.py#97 Siril Closed
2024-08-13 01:20:54 calibrate.py#90 Converting Frames
2024-08-13 01:20:59 calibrate.py#135 Siril Closed
2024-08-13 01:21:05 register.py#66 Registering Frames
2024-08-13 01:21:35 register.py#103 Siril Closed
2024-08-13 01:21:41 stack.py#51 Stacking Frames
2024-08-13 01:23:46 convert.py#70 Converting Frames
2024-08-13 01:23:52 convert.py#97 Siril Closed
2024-08-13 01:23:58 calibrate.py#90 Converting Frames
2024-08-13 01:24:03 calibrate.py#135 Siril Closed
2024-08-13 01:24:09 register.py#66 Registering Frames
2024-08-13 01:24:43 register.py#103 Siril Closed
2024-08-13 01:24:48 stack.py#51 Stacking Frames
2024-08-13 01:27:30 stack.py#99 Siril Closed
2024-08-13 01:28:03 convert.py#70 Converting Frames
2024-08-13 01:28:10 convert.py#97 Siril Closed
2024-08-13 01:28:16 calibrate.py#90 Converting Frames
2024-08-13 01:28:22 calibrate.py#135 Siril Closed
2024-08-13 01:28:28 register.py#66 Registering Frames
2024-08-13 01:29:08 register.py#103 Siril Closed
2024-08-13 01:29:14 stack.py#51 Stacking Frames
2024-08-13 01:31:56 stack.py#99 Siril Closed
2024-08-13 01:36:33 convert.py#70 Converting Frames
2024-08-13 01:36:42 convert.py#97 Siril Closed
2024-08-13 01:36:48 calibrate.py#90 Converting Frames
2024-08-13 01:36:56 calibrate.py#135 Siril Closed
2024-08-13 01:37:01 register.py#66 Registering Frames
2024-08-13 01:37:54 register.py#103 Siril Closed
2024-08-13 01:38:00 stack.py#51 Stacking Frames
2024-08-13 01:40:46 stack.py#99 Siril Closed
2024-08-13 05:24:00 convert.py#70 Converting Frames
2024-08-13 05:24:49 convert.py#97 Siril Closed
2024-08-13 05:24:55 calibrate.py#90 Converting Frames
2024-08-13 05:25:35 calibrate.py#135 Siril Closed
2024-08-13 05:25:41 register.py#66 Registering Frames
2024-08-13 05:31:29 register.py#103 Siril Closed
2024-08-13 05:31:37 stack.py#51 Stacking Frames
2024-08-13 05:42:25 stack.py#99 Siril Closed
2024-08-13 06:05:57 convert.py#70 Converting Frames
2024-08-13 06:06:17 convert.py#97 Siril Closed
2024-08-13 06:06:24 calibrate.py#90 Converting Frames
2024-08-13 06:06:33 calibrate.py#135 Siril Closed
2024-08-13 06:06:40 stack.py#51 Stacking Frames
2024-08-13 06:07:14 stack.py#99 Siril Closed
2024-08-13 06:07:21 convert.py#70 Converting Frames
2024-08-13 06:07:27 convert.py#97 Siril Closed
2024-08-13 06:07:33 stack.py#51 Stacking Frames
2024-08-13 06:08:02 stack.py#99 Siril Closed
2024-08-13 06:08:08 convert.py#70 Converting Frames
2024-08-13 06:08:56 convert.py#97 Siril Closed
2024-08-13 06:09:02 calibrate.py#90 Converting Frames
2024-08-13 06:09:42 calibrate.py#135 Siril Closed
2024-08-13 06:09:48 register.py#66 Registering Frames
2024-08-13 06:14:16 register.py#103 Siril Closed
2024-08-13 06:14:22 stack.py#51 Stacking Frames
2024-08-13 06:17:53 stack.py#99 Siril Closed
2024-08-13 06:17:59 convert.py#70 Converting Frames
2024-08-13 06:18:47 convert.py#97 Siril Closed
2024-08-13 06:18:53 calibrate.py#90 Converting Frames
2024-08-13 06:19:34 calibrate.py#135 Siril Closed
2024-08-13 06:19:39 register.py#66 Registering Frames
2024-08-13 06:24:08 register.py#103 Siril Closed
2024-08-13 06:33:17 stack.py#99 Siril Closed
2024-08-13 06:33:31 postprocess.py#177 Starting Post-Processing
2024-08-13 06:33:35 postprocess.py#79 Target: triangulum galaxy
2024-08-13 06:33:35 postprocess.py#80 Coords: 1h33m50.89657492s 2h02m38.44202688s
2024-08-13 06:33:35 postprocess.py#81 Coords: 23.46206906218 30.66017511198
2024-08-13 06:33:35 postprocess.py#82 Constellation: Triangulum
2024-08-13 06:33:35 postprocess.py#97 Plate Solving
2024-08-13 06:33:37 postprocess.py#118 Plate Solving Completed
2024-08-13 06:41:24 postprocess.py#141 ASINH Stretch: 0 // 0.2 on Stars
2024-08-13 06:41:26 postprocess.py#149 Denoising Stars
2024-08-13 06:42:32 postprocess.py#122 Running GraXpert Background Extraction
2024-08-13 06:42:57 postprocess.py#225 Siril Closed
2024-08-13 06:56:05 postprocess.py#225 Siril Closed
2024-08-13 06:56:17 postprocess.py#177 Starting Post-Processing
2024-08-13 06:56:20 postprocess.py#79 Target: triangulum galaxy
2024-08-13 06:56:20 postprocess.py#80 Coords: 1h33m50.89657492s 2h02m38.44202688s
2024-08-13 06:56:20 postprocess.py#81 Coords: 23.46206906218 30.66017511198
2024-08-13 06:56:20 postprocess.py#82 Constellation: Triangulum
2024-08-13 06:56:20 postprocess.py#97 Plate Solving
2024-08-13 06:56:22 postprocess.py#118 Plate Solving Completed
2024-08-13 06:56:24 postprocess.py#225 Siril Closed
2024-08-13 06:56:48 postprocess.py#177 Starting Post-Processing
2024-08-13 06:56:51 postprocess.py#79 Target: triangulum galaxy
2024-08-13 06:56:51 postprocess.py#80 Coords: 1h33m50.89657492s 2h02m38.44202688s
2024-08-13 06:56:51 postprocess.py#81 Coords: 23.46206906218 30.66017511198
2024-08-13 06:56:51 postprocess.py#82 Constellation: Triangulum
2024-08-13 06:56:51 postprocess.py#97 Plate Solving
2024-08-13 06:56:53 postprocess.py#118 Plate Solving Completed
2024-08-13 07:03:20 postprocess.py#141 ASINH Stretch: 0 // 0.2 on Stars
2024-08-13 07:03:21 postprocess.py#149 Denoising Stars
2024-08-13 07:04:07 postprocess.py#225 Siril Closed
2024-08-13 07:24:32 postprocess.py#191 Starting Post-Processing
2024-08-13 07:24:34 postprocess.py#141 ASINH Stretch: 0 // 0.2 on Stars
2024-08-13 07:24:35 postprocess.py#149 Denoising Stars
2024-08-13 07:25:43 postprocess.py#122 Running GraXpert Background Extraction
2024-08-13 07:25:47 postprocess.py#173 Combining Starless and Starmask with PixelMath: Starless: starless_stacked_r_pp_lights-processed.fit   Stars: starmask_stacked_r_pp_lights-processed.fit
2024-08-13 07:25:51 postprocess.py#241 Siril Closed
2024-08-24 10:52:04 convert.py#70 Converting Frames
2024-08-24 10:53:45 convert.py#97 Siril Closed
2024-08-24 10:53:56 calibrate.py#90 Converting Frames
2024-08-24 10:55:09 calibrate.py#135 Siril Closed
2024-08-24 10:55:16 stack.py#51 Stacking Frames
2024-08-24 10:56:06 stack.py#99 Siril Closed
2024-08-24 10:56:16 convert.py#70 Converting Frames
2024-08-24 10:59:00 convert.py#97 Siril Closed
2024-08-24 10:59:07 calibrate.py#90 Converting Frames
2024-08-24 11:09:14 calibrate.py#135 Siril Closed
2024-08-24 11:09:20 register.py#66 Registering Frames
2024-08-24 11:36:23 register.py#103 Siril Closed
2024-08-24 11:36:33 stack.py#51 Stacking Frames
2024-08-24 12:11:39 stack.py#99 Siril Closed
